<?xml version="1.0" encoding="UTF-8"?>
<testng-results ignored="0" total="1" passed="1" failed="0" skipped="0">
  <reporter-output>
  </reporter-output>
  <suite started-at="2023-01-23T16:55:35 IST" name="Suite" finished-at="2023-01-23T16:56:16 IST" duration-ms="40810">
    <groups>
      <group name="cucumber">
        <method signature="AbstractTestNGCucumberTests.runScenario(io.cucumber.testng.PickleWrapper,io.cucumber.testng.FeatureWrapper)[pri:0, instance:com.QVC.testcases.TC_003_ModifyDetails@7975d1d8]" name="runScenario" class="io.cucumber.testng.AbstractTestNGCucumberTests"/>
      </group> <!-- cucumber -->
    </groups>
    <test started-at="2023-01-23T16:55:35 IST" name="Test" finished-at="2023-01-23T16:56:16 IST" duration-ms="40810">
      <class name="com.QVC.testcases.TC_003_ModifyDetails">
        <test-method is-config="true" signature="startReport()[pri:0, instance:com.QVC.testcases.TC_003_ModifyDetails@7975d1d8]" started-at="2023-01-23T16:55:33 IST" name="startReport" finished-at="2023-01-23T16:55:35 IST" duration-ms="2427" status="PASS">
          <reporter-output>
          </reporter-output>
        </test-method> <!-- startReport -->
        <test-method is-config="true" signature="setExcelValues()[pri:0, instance:com.QVC.testcases.TC_003_ModifyDetails@7975d1d8]" started-at="2023-01-23T16:55:35 IST" name="setExcelValues" finished-at="2023-01-23T16:55:35 IST" duration-ms="1" status="PASS">
          <reporter-output>
          </reporter-output>
        </test-method> <!-- setExcelValues -->
        <test-method is-config="true" signature="setUpClass(org.testng.ITestContext)[pri:0, instance:com.QVC.testcases.TC_003_ModifyDetails@7975d1d8]" started-at="2023-01-23T16:55:36 IST" name="setUpClass" finished-at="2023-01-23T16:55:36 IST" duration-ms="564" status="PASS">
          <params>
            <param index="0">
              <value>
                <![CDATA[org.testng.TestRunner@35dcd032]]>
              </value>
            </param>
          </params>
          <reporter-output>
          </reporter-output>
        </test-method> <!-- setUpClass -->
        <test-method is-config="true" signature="report()[pri:0, instance:com.QVC.testcases.TC_003_ModifyDetails@7975d1d8]" started-at="2023-01-23T16:55:36 IST" name="report" finished-at="2023-01-23T16:55:36 IST" duration-ms="9" status="PASS">
          <reporter-output>
          </reporter-output>
        </test-method> <!-- report -->
        <test-method is-config="true" signature="beforeMethods(java.lang.String,java.lang.String)[pri:0, instance:com.QVC.testcases.TC_003_ModifyDetails@7975d1d8]" started-at="2023-01-23T16:55:38 IST" name="beforeMethods" finished-at="2023-01-23T16:55:52 IST" duration-ms="14330" status="PASS">
          <params>
            <param index="0">
              <value>
                <![CDATA[https://dev.qatarvisacenter.com/]]>
              </value>
            </param>
            <param index="1">
              <value>
                <![CDATA[chrome]]>
              </value>
            </param>
          </params>
          <reporter-output>
          </reporter-output>
        </test-method> <!-- beforeMethods -->
        <test-method signature="normalAppointmentFlow(java.lang.String,java.lang.String,java.lang.String,java.lang.String,java.lang.String,java.lang.String,java.lang.String,java.lang.String,java.lang.String,java.lang.String,java.lang.String,java.lang.String,java.lang.String)[pri:0, instance:com.QVC.testcases.TC_003_ModifyDetails@7975d1d8]" started-at="2023-01-23T16:55:52 IST" name="normalAppointmentFlow" data-provider="fetchData" finished-at="2023-01-23T16:56:16 IST" duration-ms="23956" status="PASS">
          <params>
            <param index="0">
              <value>
                <![CDATA[English]]>
              </value>
            </param>
            <param index="1">
              <value>
                <![CDATA[India]]>
              </value>
            </param>
            <param index="2">
              <value>
                <![CDATA[523456INDNWC]]>
              </value>
            </param>
            <param index="3">
              <value>
                <![CDATA[523456]]>
              </value>
            </param>
            <param index="4">
              <value>
                <![CDATA[00917708432242 ]]>
              </value>
            </param>
            <param index="5">
              <value>
                <![CDATA[thamarais@spinebiz.com]]>
              </value>
            </param>
            <param index="6">
              <value>
                <![CDATA[thamarais@spinebiz.com]]>
              </value>
            </param>
            <param index="7">
              <value>
                <![CDATA[Chennai]]>
              </value>
            </param>
            <param index="8">
              <value>
                <![CDATA[Normal]]>
              </value>
            </param>
            <param index="9">
              <value>
                <![CDATA[27 ]]>
              </value>
            </param>
            <param index="10">
              <value>
                <![CDATA[ 10:00]]>
              </value>
            </param>
            <param index="11">
              <value>
                <![CDATA[27 ]]>
              </value>
            </param>
            <param index="12">
              <value>
                <![CDATA[ 12:45]]>
              </value>
            </param>
          </params>
          <reporter-output>
          </reporter-output>
        </test-method> <!-- normalAppointmentFlow -->
        <test-method is-config="true" signature="tearDownClass()[pri:0, instance:com.QVC.testcases.TC_003_ModifyDetails@7975d1d8]" started-at="2023-01-23T16:56:16 IST" name="tearDownClass" finished-at="2023-01-23T16:56:16 IST" duration-ms="14" status="PASS">
          <reporter-output>
          </reporter-output>
        </test-method> <!-- tearDownClass -->
        <test-method is-config="true" signature="stopReport()[pri:0, instance:com.QVC.testcases.TC_003_ModifyDetails@7975d1d8]" started-at="2023-01-23T16:56:16 IST" name="stopReport" finished-at="2023-01-23T16:56:17 IST" duration-ms="950" status="PASS">
          <reporter-output>
          </reporter-output>
        </test-method> <!-- stopReport -->
      </class> <!-- com.QVC.testcases.TC_003_ModifyDetails -->
    </test> <!-- Test -->
  </suite> <!-- Suite -->
</testng-results>
